Using cuda device
Wrapping the env in a DummyVecEnv.
------------------------------
| time/              |       |
|    episodes        | 10000 |
|    fps             | 416   |
|    time_elapsed    | 23    |
|    total timesteps | 10000 |
------------------------------
---------------------------------
| time/              |          |
|    episodes        | 20000    |
|    fps             | 125      |
|    time_elapsed    | 159      |
|    total timesteps | 20000    |
| train/             |          |
|    actor_loss      | -0.618   |
|    critic_loss     | 0.000191 |
|    ent_coef        | 0.0497   |
|    ent_coef_loss   | -5.03    |
|    learning_rate   | 0.0003   |
|    n_updates       | 9999     |
---------------------------------
---------------------------------
| time/              |          |
|    episodes        | 30000    |
|    fps             | 100      |
|    time_elapsed    | 297      |
|    total timesteps | 30000    |
| train/             |          |
|    actor_loss      | -0.553   |
|    critic_loss     | 0.00145  |
|    ent_coef        | 0.0114   |
|    ent_coef_loss   | 0.203    |
|    learning_rate   | 0.0003   |
|    n_updates       | 19999    |
---------------------------------
---------------------------------
| time/              |          |
|    episodes        | 40000    |
|    fps             | 91       |
|    time_elapsed    | 438      |
|    total timesteps | 40000    |
| train/             |          |
|    actor_loss      | -0.552   |
|    critic_loss     | 0.0014   |
|    ent_coef        | 0.0142   |
|    ent_coef_loss   | 2.04     |
|    learning_rate   | 0.0003   |
|    n_updates       | 29999    |
---------------------------------
---------------------------------
| time/              |          |
|    episodes        | 50000    |
|    fps             | 86       |
|    time_elapsed    | 579      |
|    total timesteps | 50000    |
| train/             |          |
|    actor_loss      | -0.563   |
|    critic_loss     | 0.00164  |
|    ent_coef        | 0.0155   |
|    ent_coef_loss   | -0.0394  |
|    learning_rate   | 0.0003   |
|    n_updates       | 39999    |
---------------------------------
---------------------------------
| time/              |          |
|    episodes        | 60000    |
|    fps             | 83       |
|    time_elapsed    | 720      |
|    total timesteps | 60000    |
| train/             |          |
|    actor_loss      | -0.57    |
|    critic_loss     | 0.0015   |
|    ent_coef        | 0.0163   |
|    ent_coef_loss   | -0.865   |
|    learning_rate   | 0.0003   |
|    n_updates       | 49999    |
---------------------------------
---------------------------------
| time/              |          |
|    episodes        | 70000    |
|    fps             | 81       |
|    time_elapsed    | 860      |
|    total timesteps | 70000    |
| train/             |          |
|    actor_loss      | -0.575   |
|    critic_loss     | 0.00203  |
|    ent_coef        | 0.0176   |
|    ent_coef_loss   | 0.305    |
|    learning_rate   | 0.0003   |
|    n_updates       | 59999    |
---------------------------------
---------------------------------
| time/              |          |
|    episodes        | 80000    |
|    fps             | 79       |
|    time_elapsed    | 1001     |
|    total timesteps | 80000    |
| train/             |          |
|    actor_loss      | -0.565   |
|    critic_loss     | 0.00245  |
|    ent_coef        | 0.0181   |
|    ent_coef_loss   | -0.965   |
|    learning_rate   | 0.0003   |
|    n_updates       | 69999    |
---------------------------------
---------------------------------
| time/              |          |
|    episodes        | 90000    |
|    fps             | 78       |
|    time_elapsed    | 1142     |
|    total timesteps | 90000    |
| train/             |          |
|    actor_loss      | -0.563   |
|    critic_loss     | 0.00249  |
|    ent_coef        | 0.0189   |
|    ent_coef_loss   | -1.43    |
|    learning_rate   | 0.0003   |
|    n_updates       | 79999    |
---------------------------------
---------------------------------
| time/              |          |
|    episodes        | 100000   |
|    fps             | 77       |
|    time_elapsed    | 1282     |
|    total timesteps | 100000   |
| train/             |          |
|    actor_loss      | -0.55    |
|    critic_loss     | 0.00217  |
|    ent_coef        | 0.0194   |
|    ent_coef_loss   | 0.183    |
|    learning_rate   | 0.0003   |
|    n_updates       | 89999    |
---------------------------------
---------------------------------
| time/              |          |
|    episodes        | 110000   |
|    fps             | 77       |
|    time_elapsed    | 1423     |
|    total timesteps | 110000   |
| train/             |          |
|    actor_loss      | -0.556   |
|    critic_loss     | 0.00263  |
|    ent_coef        | 0.0195   |
|    ent_coef_loss   | -0.354   |
|    learning_rate   | 0.0003   |
|    n_updates       | 99999    |
---------------------------------
slurmstepd: error: *** JOB 6225250 ON n0228.savio2 CANCELLED AT 2020-06-02T17:05:34 DUE TO TIME LIMIT ***
