  % Total    % Received % Xferd  Average Speed   Time    Time     Time  Current
                                 Dload  Upload   Total   Spent    Left  Speed
  0     0    0     0    0     0      0      0 --:--:-- --:--:-- --:--:--     0100 1825k  100 1825k    0     0  14.2M      0 --:--:-- --:--:-- --:--:-- 14.2M
Defaulting to user installation because normal site-packages is not writeable
Collecting pip
  Using cached pip-20.1.1-py2.py3-none-any.whl (1.5 MB)
Installing collected packages: pip
  Attempting uninstall: pip
    Found existing installation: pip 20.1.1
    Uninstalling pip-20.1.1:
      Successfully uninstalled pip-20.1.1
  WARNING: The scripts pip, pip3 and pip3.7 are installed in '/global/home/users/mlapeyro/.local/bin' which is not on PATH.
  Consider adding this directory to PATH or, if you prefer to suppress this warning, use --no-warn-script-location.
Successfully installed pip-20.1.1
WARNING: pip is being invoked by an old script wrapper. This will fail in a future version of pip.
Please see https://github.com/pypa/pip/issues/5599 for advice on fixing the underlying issue.
To avoid this problem you can invoke Python with '-m pip' instead of running pip directly.
Defaulting to user installation because normal site-packages is not writeable
Requirement already up-to-date: pip in /global/home/users/mlapeyro/.local/lib/python3.7/site-packages (20.1.1)
WARNING: pip is being invoked by an old script wrapper. This will fail in a future version of pip.
Please see https://github.com/pypa/pip/issues/5599 for advice on fixing the underlying issue.
To avoid this problem you can invoke Python with '-m pip' instead of running pip directly.
Defaulting to user installation because normal site-packages is not writeable
Requirement already satisfied: stable_baselines3 in /global/home/users/mlapeyro/.local/lib/python3.7/site-packages (0.6.0)
Requirement already satisfied: cloudpickle in /global/software/sl-7.x86_64/modules/langs/python/3.7/lib/python3.7/site-packages (from stable_baselines3) (1.2.2)
Requirement already satisfied: torch>=1.4.0 in /global/home/users/mlapeyro/.local/lib/python3.7/site-packages (from stable_baselines3) (1.5.0)
Requirement already satisfied: numpy in /global/software/sl-7.x86_64/modules/langs/python/3.7/lib/python3.7/site-packages (from stable_baselines3) (1.17.2)
Requirement already satisfied: pandas in /global/home/users/mlapeyro/.local/lib/python3.7/site-packages (from stable_baselines3) (1.0.4)
Requirement already satisfied: matplotlib in /global/software/sl-7.x86_64/modules/langs/python/3.7/lib/python3.7/site-packages (from stable_baselines3) (3.1.1)
Requirement already satisfied: gym>=0.17 in /global/home/users/mlapeyro/.local/lib/python3.7/site-packages (from stable_baselines3) (0.17.2)
Requirement already satisfied: future in /global/software/sl-7.x86_64/modules/langs/python/3.7/lib/python3.7/site-packages (from torch>=1.4.0->stable_baselines3) (0.17.1)
Requirement already satisfied: python-dateutil>=2.6.1 in /global/software/sl-7.x86_64/modules/langs/python/3.7/lib/python3.7/site-packages (from pandas->stable_baselines3) (2.8.0)
Requirement already satisfied: pytz>=2017.2 in /global/software/sl-7.x86_64/modules/langs/python/3.7/lib/python3.7/site-packages (from pandas->stable_baselines3) (2019.3)
Requirement already satisfied: cycler>=0.10 in /global/software/sl-7.x86_64/modules/langs/python/3.7/lib/python3.7/site-packages (from matplotlib->stable_baselines3) (0.10.0)
Requirement already satisfied: kiwisolver>=1.0.1 in /global/software/sl-7.x86_64/modules/langs/python/3.7/lib/python3.7/site-packages (from matplotlib->stable_baselines3) (1.1.0)
Requirement already satisfied: pyparsing!=2.0.4,!=2.1.2,!=2.1.6,>=2.0.1 in /global/software/sl-7.x86_64/modules/langs/python/3.7/lib/python3.7/site-packages (from matplotlib->stable_baselines3) (2.4.2)
Requirement already satisfied: pyglet<=1.5.0,>=1.4.0 in /global/home/users/mlapeyro/.local/lib/python3.7/site-packages (from gym>=0.17->stable_baselines3) (1.5.0)
Requirement already satisfied: scipy in /global/software/sl-7.x86_64/modules/langs/python/3.7/lib/python3.7/site-packages (from gym>=0.17->stable_baselines3) (1.4.1)
Requirement already satisfied: six>=1.5 in /global/software/sl-7.x86_64/modules/langs/python/3.7/lib/python3.7/site-packages (from python-dateutil>=2.6.1->pandas->stable_baselines3) (1.12.0)
Requirement already satisfied: setuptools in /global/software/sl-7.x86_64/modules/langs/python/3.7/lib/python3.7/site-packages (from kiwisolver>=1.0.1->matplotlib->stable_baselines3) (41.4.0)
WARNING: pip is being invoked by an old script wrapper. This will fail in a future version of pip.
Please see https://github.com/pypa/pip/issues/5599 for advice on fixing the underlying issue.
To avoid this problem you can invoke Python with '-m pip' instead of running pip directly.
Defaulting to user installation because normal site-packages is not writeable
Requirement already satisfied: gym in /global/home/users/mlapeyro/.local/lib/python3.7/site-packages (0.17.2)
Requirement already satisfied: numpy>=1.10.4 in /global/software/sl-7.x86_64/modules/langs/python/3.7/lib/python3.7/site-packages (from gym) (1.17.2)
Requirement already satisfied: scipy in /global/software/sl-7.x86_64/modules/langs/python/3.7/lib/python3.7/site-packages (from gym) (1.4.1)
Requirement already satisfied: pyglet<=1.5.0,>=1.4.0 in /global/home/users/mlapeyro/.local/lib/python3.7/site-packages (from gym) (1.5.0)
Requirement already satisfied: cloudpickle<1.4.0,>=1.2.0 in /global/software/sl-7.x86_64/modules/langs/python/3.7/lib/python3.7/site-packages (from gym) (1.2.2)
Requirement already satisfied: future in /global/software/sl-7.x86_64/modules/langs/python/3.7/lib/python3.7/site-packages (from pyglet<=1.5.0,>=1.4.0->gym) (0.17.1)
Using cuda device
Wrapping the env in a DummyVecEnv.
------------------------------
| time/              |       |
|    episodes        | 10000 |
|    fps             | 395   |
|    time_elapsed    | 25    |
|    total timesteps | 10000 |
------------------------------
---------------------------------
| time/              |          |
|    episodes        | 20000    |
|    fps             | 118      |
|    time_elapsed    | 168      |
|    total timesteps | 20000    |
| train/             |          |
|    actor_loss      | -0.624   |
|    critic_loss     | 0.000154 |
|    ent_coef        | 0.0497   |
|    ent_coef_loss   | -4.98    |
|    learning_rate   | 0.0003   |
|    n_updates       | 9999     |
---------------------------------
---------------------------------
| time/              |          |
|    episodes        | 30000    |
|    fps             | 95       |
|    time_elapsed    | 315      |
|    total timesteps | 30000    |
| train/             |          |
|    actor_loss      | -0.556   |
|    critic_loss     | 0.0013   |
|    ent_coef        | 0.014    |
|    ent_coef_loss   | 0.459    |
|    learning_rate   | 0.0003   |
|    n_updates       | 19999    |
---------------------------------
---------------------------------
| time/              |          |
|    episodes        | 40000    |
|    fps             | 86       |
|    time_elapsed    | 463      |
|    total timesteps | 40000    |
| train/             |          |
|    actor_loss      | -0.561   |
|    critic_loss     | 0.00139  |
|    ent_coef        | 0.0152   |
|    ent_coef_loss   | 0.202    |
|    learning_rate   | 0.0003   |
|    n_updates       | 29999    |
---------------------------------
---------------------------------
| time/              |          |
|    episodes        | 50000    |
|    fps             | 81       |
|    time_elapsed    | 613      |
|    total timesteps | 50000    |
| train/             |          |
|    actor_loss      | -0.559   |
|    critic_loss     | 0.00189  |
|    ent_coef        | 0.0163   |
|    ent_coef_loss   | 0.778    |
|    learning_rate   | 0.0003   |
|    n_updates       | 39999    |
---------------------------------
---------------------------------
| time/              |          |
|    episodes        | 60000    |
|    fps             | 78       |
|    time_elapsed    | 762      |
|    total timesteps | 60000    |
| train/             |          |
|    actor_loss      | -0.557   |
|    critic_loss     | 0.00228  |
|    ent_coef        | 0.0175   |
|    ent_coef_loss   | -0.35    |
|    learning_rate   | 0.0003   |
|    n_updates       | 49999    |
---------------------------------
---------------------------------
| time/              |          |
|    episodes        | 70000    |
|    fps             | 76       |
|    time_elapsed    | 911      |
|    total timesteps | 70000    |
| train/             |          |
|    actor_loss      | -0.569   |
|    critic_loss     | 0.00251  |
|    ent_coef        | 0.0178   |
|    ent_coef_loss   | 0.701    |
|    learning_rate   | 0.0003   |
|    n_updates       | 59999    |
---------------------------------
---------------------------------
| time/              |          |
|    episodes        | 80000    |
|    fps             | 75       |
|    time_elapsed    | 1061     |
|    total timesteps | 80000    |
| train/             |          |
|    actor_loss      | -0.568   |
|    critic_loss     | 0.00236  |
|    ent_coef        | 0.0186   |
|    ent_coef_loss   | -0.0841  |
|    learning_rate   | 0.0003   |
|    n_updates       | 69999    |
---------------------------------
---------------------------------
| time/              |          |
|    episodes        | 90000    |
|    fps             | 74       |
|    time_elapsed    | 1209     |
|    total timesteps | 90000    |
| train/             |          |
|    actor_loss      | -0.56    |
|    critic_loss     | 0.00222  |
|    ent_coef        | 0.0196   |
|    ent_coef_loss   | -0.628   |
|    learning_rate   | 0.0003   |
|    n_updates       | 79999    |
---------------------------------
---------------------------------
| time/              |          |
|    episodes        | 100000   |
|    fps             | 73       |
|    time_elapsed    | 1358     |
|    total timesteps | 100000   |
| train/             |          |
|    actor_loss      | -0.548   |
|    critic_loss     | 0.00253  |
|    ent_coef        | 0.0196   |
|    ent_coef_loss   | 0.073    |
|    learning_rate   | 0.0003   |
|    n_updates       | 89999    |
---------------------------------
---------------------------------
| time/              |          |
|    episodes        | 110000   |
|    fps             | 72       |
|    time_elapsed    | 1507     |
|    total timesteps | 110000   |
| train/             |          |
|    actor_loss      | -0.538   |
|    critic_loss     | 0.0027   |
|    ent_coef        | 0.0203   |
|    ent_coef_loss   | 1.63     |
|    learning_rate   | 0.0003   |
|    n_updates       | 99999    |
---------------------------------
---------------------------------
| time/              |          |
|    episodes        | 120000   |
|    fps             | 72       |
|    time_elapsed    | 1656     |
|    total timesteps | 120000   |
| train/             |          |
|    actor_loss      | -0.562   |
|    critic_loss     | 0.00302  |
|    ent_coef        | 0.0214   |
|    ent_coef_loss   | 0.217    |
|    learning_rate   | 0.0003   |
|    n_updates       | 109999   |
---------------------------------
---------------------------------
| time/              |          |
|    episodes        | 130000   |
|    fps             | 72       |
|    time_elapsed    | 1805     |
|    total timesteps | 130000   |
| train/             |          |
|    actor_loss      | -0.554   |
|    critic_loss     | 0.00239  |
|    ent_coef        | 0.0204   |
|    ent_coef_loss   | -1.47    |
|    learning_rate   | 0.0003   |
|    n_updates       | 119999   |
---------------------------------
---------------------------------
| time/              |          |
|    episodes        | 140000   |
|    fps             | 71       |
|    time_elapsed    | 1954     |
|    total timesteps | 140000   |
| train/             |          |
|    actor_loss      | -0.551   |
|    critic_loss     | 0.00276  |
|    ent_coef        | 0.0217   |
|    ent_coef_loss   | 0.254    |
|    learning_rate   | 0.0003   |
|    n_updates       | 129999   |
---------------------------------
---------------------------------
| time/              |          |
|    episodes        | 150000   |
|    fps             | 71       |
|    time_elapsed    | 2102     |
|    total timesteps | 150000   |
| train/             |          |
|    actor_loss      | -0.531   |
|    critic_loss     | 0.00284  |
|    ent_coef        | 0.022    |
|    ent_coef_loss   | 0.301    |
|    learning_rate   | 0.0003   |
|    n_updates       | 139999   |
---------------------------------
---------------------------------
| time/              |          |
|    episodes        | 160000   |
|    fps             | 71       |
|    time_elapsed    | 2252     |
|    total timesteps | 160000   |
| train/             |          |
|    actor_loss      | -0.55    |
|    critic_loss     | 0.0024   |
|    ent_coef        | 0.0225   |
|    ent_coef_loss   | -0.55    |
|    learning_rate   | 0.0003   |
|    n_updates       | 149999   |
---------------------------------
---------------------------------
| time/              |          |
|    episodes        | 170000   |
|    fps             | 70       |
|    time_elapsed    | 2400     |
|    total timesteps | 170000   |
| train/             |          |
|    actor_loss      | -0.549   |
|    critic_loss     | 0.00265  |
|    ent_coef        | 0.0206   |
|    ent_coef_loss   | 0.596    |
|    learning_rate   | 0.0003   |
|    n_updates       | 159999   |
---------------------------------
---------------------------------
| time/              |          |
|    episodes        | 180000   |
|    fps             | 70       |
|    time_elapsed    | 2549     |
|    total timesteps | 180000   |
| train/             |          |
|    actor_loss      | -0.556   |
|    critic_loss     | 0.00285  |
|    ent_coef        | 0.0224   |
|    ent_coef_loss   | 0.424    |
|    learning_rate   | 0.0003   |
|    n_updates       | 169999   |
---------------------------------
---------------------------------
| time/              |          |
|    episodes        | 190000   |
|    fps             | 70       |
|    time_elapsed    | 2698     |
|    total timesteps | 190000   |
| train/             |          |
|    actor_loss      | -0.552   |
|    critic_loss     | 0.00292  |
|    ent_coef        | 0.0224   |
|    ent_coef_loss   | -0.121   |
|    learning_rate   | 0.0003   |
|    n_updates       | 179999   |
---------------------------------
---------------------------------
| time/              |          |
|    episodes        | 200000   |
|    fps             | 70       |
|    time_elapsed    | 2846     |
|    total timesteps | 200000   |
| train/             |          |
|    actor_loss      | -0.546   |
|    critic_loss     | 0.00331  |
|    ent_coef        | 0.023    |
|    ent_coef_loss   | 0.128    |
|    learning_rate   | 0.0003   |
|    n_updates       | 189999   |
---------------------------------
---------------------------------
| time/              |          |
|    episodes        | 210000   |
|    fps             | 70       |
|    time_elapsed    | 2994     |
|    total timesteps | 210000   |
| train/             |          |
|    actor_loss      | -0.551   |
|    critic_loss     | 0.00227  |
|    ent_coef        | 0.0228   |
|    ent_coef_loss   | -1.45    |
|    learning_rate   | 0.0003   |
|    n_updates       | 199999   |
---------------------------------
---------------------------------
| time/              |          |
|    episodes        | 220000   |
|    fps             | 70       |
|    time_elapsed    | 3141     |
|    total timesteps | 220000   |
| train/             |          |
|    actor_loss      | -0.542   |
|    critic_loss     | 0.00336  |
|    ent_coef        | 0.0233   |
|    ent_coef_loss   | 0.899    |
|    learning_rate   | 0.0003   |
|    n_updates       | 209999   |
---------------------------------
---------------------------------
| time/              |          |
|    episodes        | 230000   |
|    fps             | 69       |
|    time_elapsed    | 3289     |
|    total timesteps | 230000   |
| train/             |          |
|    actor_loss      | -0.553   |
|    critic_loss     | 0.00263  |
|    ent_coef        | 0.0229   |
|    ent_coef_loss   | 0.902    |
|    learning_rate   | 0.0003   |
|    n_updates       | 219999   |
---------------------------------
---------------------------------
| time/              |          |
|    episodes        | 240000   |
|    fps             | 69       |
|    time_elapsed    | 3437     |
|    total timesteps | 240000   |
| train/             |          |
|    actor_loss      | -0.556   |
|    critic_loss     | 0.00283  |
|    ent_coef        | 0.0248   |
|    ent_coef_loss   | -1.06    |
|    learning_rate   | 0.0003   |
|    n_updates       | 229999   |
---------------------------------
slurmstepd: error: *** JOB 6223962 ON n0020.savio2 CANCELLED AT 2020-06-02T10:41:42 DUE TO TIME LIMIT ***
