  % Total    % Received % Xferd  Average Speed   Time    Time     Time  Current
                                 Dload  Upload   Total   Spent    Left  Speed
  0     0    0     0    0     0      0      0 --:--:-- --:--:-- --:--:--     0100 1825k  100 1825k    0     0  10.0M      0 --:--:-- --:--:-- --:--:-- 10.0M
Defaulting to user installation because normal site-packages is not writeable
Collecting pip
  Using cached pip-20.1.1-py2.py3-none-any.whl (1.5 MB)
Installing collected packages: pip
  Attempting uninstall: pip
    Found existing installation: pip 20.1.1
    Uninstalling pip-20.1.1:
      Successfully uninstalled pip-20.1.1
  WARNING: The scripts pip, pip3 and pip3.7 are installed in '/global/home/users/mlapeyro/.local/bin' which is not on PATH.
  Consider adding this directory to PATH or, if you prefer to suppress this warning, use --no-warn-script-location.
Successfully installed pip-20.1.1
WARNING: pip is being invoked by an old script wrapper. This will fail in a future version of pip.
Please see https://github.com/pypa/pip/issues/5599 for advice on fixing the underlying issue.
To avoid this problem you can invoke Python with '-m pip' instead of running pip directly.
Defaulting to user installation because normal site-packages is not writeable
Requirement already up-to-date: pip in /global/home/users/mlapeyro/.local/lib/python3.7/site-packages (20.1.1)
WARNING: pip is being invoked by an old script wrapper. This will fail in a future version of pip.
Please see https://github.com/pypa/pip/issues/5599 for advice on fixing the underlying issue.
To avoid this problem you can invoke Python with '-m pip' instead of running pip directly.
Defaulting to user installation because normal site-packages is not writeable
Requirement already satisfied: stable_baselines3 in /global/home/users/mlapeyro/.local/lib/python3.7/site-packages (0.6.0)
Requirement already satisfied: gym>=0.17 in /global/home/users/mlapeyro/.local/lib/python3.7/site-packages (from stable_baselines3) (0.17.2)
Requirement already satisfied: matplotlib in /global/software/sl-7.x86_64/modules/langs/python/3.7/lib/python3.7/site-packages (from stable_baselines3) (3.1.1)
Requirement already satisfied: pandas in /global/home/users/mlapeyro/.local/lib/python3.7/site-packages (from stable_baselines3) (1.0.4)
Requirement already satisfied: cloudpickle in /global/software/sl-7.x86_64/modules/langs/python/3.7/lib/python3.7/site-packages (from stable_baselines3) (1.2.2)
Requirement already satisfied: torch>=1.4.0 in /global/home/users/mlapeyro/.local/lib/python3.7/site-packages (from stable_baselines3) (1.5.0)
Requirement already satisfied: numpy in /global/software/sl-7.x86_64/modules/langs/python/3.7/lib/python3.7/site-packages (from stable_baselines3) (1.17.2)
Requirement already satisfied: scipy in /global/software/sl-7.x86_64/modules/langs/python/3.7/lib/python3.7/site-packages (from gym>=0.17->stable_baselines3) (1.4.1)
Requirement already satisfied: pyglet<=1.5.0,>=1.4.0 in /global/home/users/mlapeyro/.local/lib/python3.7/site-packages (from gym>=0.17->stable_baselines3) (1.5.0)
Requirement already satisfied: cycler>=0.10 in /global/software/sl-7.x86_64/modules/langs/python/3.7/lib/python3.7/site-packages (from matplotlib->stable_baselines3) (0.10.0)
Requirement already satisfied: kiwisolver>=1.0.1 in /global/software/sl-7.x86_64/modules/langs/python/3.7/lib/python3.7/site-packages (from matplotlib->stable_baselines3) (1.1.0)
Requirement already satisfied: pyparsing!=2.0.4,!=2.1.2,!=2.1.6,>=2.0.1 in /global/software/sl-7.x86_64/modules/langs/python/3.7/lib/python3.7/site-packages (from matplotlib->stable_baselines3) (2.4.2)
Requirement already satisfied: python-dateutil>=2.1 in /global/software/sl-7.x86_64/modules/langs/python/3.7/lib/python3.7/site-packages (from matplotlib->stable_baselines3) (2.8.0)
Requirement already satisfied: pytz>=2017.2 in /global/software/sl-7.x86_64/modules/langs/python/3.7/lib/python3.7/site-packages (from pandas->stable_baselines3) (2019.3)
Requirement already satisfied: future in /global/software/sl-7.x86_64/modules/langs/python/3.7/lib/python3.7/site-packages (from torch>=1.4.0->stable_baselines3) (0.17.1)
Requirement already satisfied: six in /global/software/sl-7.x86_64/modules/langs/python/3.7/lib/python3.7/site-packages (from cycler>=0.10->matplotlib->stable_baselines3) (1.12.0)
Requirement already satisfied: setuptools in /global/software/sl-7.x86_64/modules/langs/python/3.7/lib/python3.7/site-packages (from kiwisolver>=1.0.1->matplotlib->stable_baselines3) (41.4.0)
WARNING: pip is being invoked by an old script wrapper. This will fail in a future version of pip.
Please see https://github.com/pypa/pip/issues/5599 for advice on fixing the underlying issue.
To avoid this problem you can invoke Python with '-m pip' instead of running pip directly.
Defaulting to user installation because normal site-packages is not writeable
Requirement already satisfied: gym in /global/home/users/mlapeyro/.local/lib/python3.7/site-packages (0.17.2)
Requirement already satisfied: cloudpickle<1.4.0,>=1.2.0 in /global/software/sl-7.x86_64/modules/langs/python/3.7/lib/python3.7/site-packages (from gym) (1.2.2)
Requirement already satisfied: numpy>=1.10.4 in /global/software/sl-7.x86_64/modules/langs/python/3.7/lib/python3.7/site-packages (from gym) (1.17.2)
Requirement already satisfied: scipy in /global/software/sl-7.x86_64/modules/langs/python/3.7/lib/python3.7/site-packages (from gym) (1.4.1)
Requirement already satisfied: pyglet<=1.5.0,>=1.4.0 in /global/home/users/mlapeyro/.local/lib/python3.7/site-packages (from gym) (1.5.0)
Requirement already satisfied: future in /global/software/sl-7.x86_64/modules/langs/python/3.7/lib/python3.7/site-packages (from pyglet<=1.5.0,>=1.4.0->gym) (0.17.1)
Using cuda device
Wrapping the env in a DummyVecEnv.
------------------------------
| time/              |       |
|    episodes        | 10000 |
|    fps             | 404   |
|    time_elapsed    | 24    |
|    total timesteps | 10000 |
------------------------------
---------------------------------
| time/              |          |
|    episodes        | 20000    |
|    fps             | 118      |
|    time_elapsed    | 168      |
|    total timesteps | 20000    |
| train/             |          |
|    actor_loss      | -0.604   |
|    critic_loss     | 0.000232 |
|    ent_coef        | 0.0497   |
|    ent_coef_loss   | -4.99    |
|    learning_rate   | 0.0003   |
|    n_updates       | 9999     |
---------------------------------
---------------------------------
| time/              |          |
|    episodes        | 30000    |
|    fps             | 95       |
|    time_elapsed    | 313      |
|    total timesteps | 30000    |
| train/             |          |
|    actor_loss      | -0.562   |
|    critic_loss     | 0.000764 |
|    ent_coef        | 0.0106   |
|    ent_coef_loss   | -0.617   |
|    learning_rate   | 0.0003   |
|    n_updates       | 19999    |
---------------------------------
---------------------------------
| time/              |          |
|    episodes        | 40000    |
|    fps             | 86       |
|    time_elapsed    | 460      |
|    total timesteps | 40000    |
| train/             |          |
|    actor_loss      | -0.558   |
|    critic_loss     | 0.00151  |
|    ent_coef        | 0.0137   |
|    ent_coef_loss   | -0.304   |
|    learning_rate   | 0.0003   |
|    n_updates       | 29999    |
---------------------------------
slurmstepd: error: *** JOB 6224884 ON n0016.savio2 CANCELLED AT 2020-06-02T13:25:48 ***
